#
# A fatal error has been detected by the Java Runtime Environment:
#
#  Internal Error (classFileParser.cpp:3375), pid=6372, tid=1080
#  Error: ShouldNotReachHere()
#
# JRE version: 6.0_24-b07
# Java VM: Java HotSpot(TM) 64-Bit Server VM (19.1-b02 mixed mode windows-amd64 compressed oops)
# If you would like to submit a bug report, please visit:
#   http://java.sun.com/webapps/bugreport/crash.jsp
#

---------------  T H R E A D  ---------------

Current thread (0x000000000058c000):  JavaThread "Unknown thread" [_thread_in_vm, id=1080, stack(0x00000000023f0000,0x00000000024f0000)]

Stack: [0x00000000023f0000,0x00000000024f0000]
[error occurred during error reporting (printing stack bounds), id 0xc0000005]


---------------  P R O C E S S  ---------------

Java Threads: ( => current thread )

Other Threads:

=>0x000000000058c000 (exited) JavaThread "Unknown thread" [_thread_in_vm, id=1080, stack(0x00000000023f0000,0x00000000024f0000)]

VM state:not at safepoint (not fully initialized)

VM Mutex/Monitor currently owned by a thread: None

Dynamic libraries:
0x0000000000400000 - 0x000000000042e000 	C:\Program Files\Java\jre6\bin\javaw.exe
0x0000000076d50000 - 0x0000000076efc000 	C:\windows\SYSTEM32\ntdll.dll
0x0000000076b30000 - 0x0000000076c4f000 	C:\windows\system32\kernel32.dll
0x000007fefcda0000 - 0x000007fefce0c000 	C:\windows\system32\KERNELBASE.dll
0x000007fefec40000 - 0x000007fefed1b000 	C:\windows\system32\ADVAPI32.dll
0x000007fefdba0000 - 0x000007fefdc3f000 	C:\windows\system32\msvcrt.dll
0x000007fefd6f0000 - 0x000007fefd70f000 	C:\windows\SYSTEM32\sechost.dll
0x000007fefd940000 - 0x000007fefda6e000 	C:\windows\system32\RPCRT4.dll
0x0000000076c50000 - 0x0000000076d4a000 	C:\windows\system32\USER32.dll
0x000007fefd8d0000 - 0x000007fefd937000 	C:\windows\system32\GDI32.dll
0x000007feff050000 - 0x000007feff05e000 	C:\windows\system32\LPK.dll
0x000007fefd7e0000 - 0x000007fefd8aa000 	C:\windows\system32\USP10.dll
0x000007fefed70000 - 0x000007fefed9e000 	C:\windows\system32\IMM32.DLL
0x000007fefdd20000 - 0x000007fefde29000 	C:\windows\system32\MSCTF.dll
0x000000006d7f0000 - 0x000000006def4000 	C:\Program Files\Java\jre6\bin\server\jvm.dll
0x000007fefb830000 - 0x000007fefb86b000 	C:\windows\system32\WINMM.dll
0x000000006d760000 - 0x000000006d76e000 	C:\Program Files\Java\jre6\bin\verify.dll
0x000000006d3b0000 - 0x000000006d3d7000 	C:\Program Files\Java\jre6\bin\java.dll
0x000000006d310000 - 0x000000006d31a000 	C:\Program Files\Java\jre6\bin\hpi.dll
0x0000000076f10000 - 0x0000000076f17000 	C:\windows\system32\PSAPI.DLL
0x000000006d7b0000 - 0x000000006d7c2000 	C:\Program Files\Java\jre6\bin\zip.dll

VM Arguments:
jvm_args: -Dfile.encoding=Cp1252 -Xbootclasspath:C:\Users\Patrick\ADT\adt-bundle-windows-x86_64-20131030\sdk\platforms\android-19\android.jar 
java_command: org.eclipse.jdt.internal.junit.runner.RemoteTestRunner -version 3 -port 54319 -testLoaderClass org.eclipse.jdt.internal.junit4.runner.JUnit4TestLoader -loaderpluginname org.eclipse.jdt.junit4.runtime -test com.example.unittesting.MainTest:testAddition
Launcher Type: SUN_STANDARD

Environment Variables:
PATH=C:\Program Files\Common Files\Microsoft Shared\Windows Live;C:\windows\system32;C:\windows;C:\windows\System32\Wbem;C:\windows\System32\WindowsPowerShell\v1.0\;c:\Program Files (x86)\Common Files\Roxio Shared\DLLShared\;c:\Program Files (x86)\Common Files\Roxio Shared\10.0\DLLShared\;c:\Program Files\Hewlett-Packard\Drive Encryption\;C:\Program Files\WIDCOMM\Bluetooth Software\;C:\Program Files\WIDCOMM\Bluetooth Software\syswow64;C:\Program Files\Broadcom\Broadcom 802.11\Driver;C:\Program Files\MATLAB\R2010a\runtime\win64;C:\Program Files\MATLAB\R2010a\bin;C:\Program Files\TortoiseSVN\bin;C:\jcute\;C:\Program Files (x86)\Java\jdk1.6.0_25\bin;C:\Users\Patrick\mujava\openjava.jar;C:\Users\Patrick\mujava\mujava.jar;C:\Users\Patrick\mujava\classes;C:\jcute\;C:\Program Files\Java\jdk1.7.0_51\lib\tools.jar;C:\Users\Patrick\AppData\Local\GitHub\PortableGit_fed20eba68b3e238e49a47cdfed0a45783d93651\cmd;C:\Users\Patrick\PIT\pitest-command-line-0.32.jar;C:\Users\Patrick\PIT\pitest-0.32.jar
USERNAME=Patrick
OS=Windows_NT
PROCESSOR_IDENTIFIER=Intel64 Family 6 Model 37 Stepping 5, GenuineIntel



---------------  S Y S T E M  ---------------

OS: Windows 7 Build 7600 

CPU:total 4 (2 cores per cpu, 2 threads per core) family 6 model 37 stepping 5, cmov, cx8, fxsr, mmx, sse, sse2, sse3, ssse3, sse4.1, sse4.2, popcnt, ht

Memory: 4k page, physical 3980728k(907264k free), swap 7959548k(1817456k free)

vm_info: Java HotSpot(TM) 64-Bit Server VM (19.1-b02) for windows-amd64 JRE (1.6.0_24-b07), built on Feb  2 2011 16:25:45 by "java_re" with MS VC++ 8.0 (VS2005)

time: Sun May 18 20:33:07 2014
elapsed time: 0 seconds

